<?xml version="1.0" encoding="UTF-8"?>
<!-- Generated by org.testng.reporters.JUnitXMLReporter -->
<testsuite ignored="0" hostname="MAVCHN0522086" failures="0" tests="8" name="Default test" time="0.075" errors="0" timestamp="2023-09-05T10:47:04 IST">
  <testcase classname="Java_tests.Stage1Tests" name="verifyAccountDataTypeError" time="0.015"/>
  <testcase classname="Java_tests.Stage1Tests" name="verifyDOBDataTypeError" time="0.003"/>
  <testcase classname="Java_tests.Stage1Tests" name="verifyMissingRecords" time="0.005"/>
  <testcase classname="Java_tests.Stage1Tests" name="verifyNoDuplicateData" time="0.004"/>
  <testcase classname="Java_tests.Stage1Tests" name="verifyNoDuplicateHeaderFields" time="0.002"/>
  <testcase classname="Java_tests.Stage1Tests" name="verifyNoNullFields" time="0.001"/>
  <testcase classname="Java_tests.Stage1Tests" name="verifyPanNoDataTypeError" time="0.002"/>
  <testcase classname="Java_tests.Stage1Tests" name="verifyUniqueCSVFileInFolder" time="0.003"/>
</testsuite> <!-- Default test -->
