<?xml version="1.0" encoding="UTF-8"?>
<testng-results ignored="0" total="8" passed="8" failed="0" skipped="0">
  <reporter-output>
  </reporter-output>
  <suite started-at="2023-09-05T10:47:04 IST" name="Default suite" finished-at="2023-09-05T10:47:04 IST" duration-ms="75">
    <groups>
    </groups>
    <test started-at="2023-09-05T10:47:04 IST" name="Default test" finished-at="2023-09-05T10:47:04 IST" duration-ms="75">
      <class name="Java_tests.Stage1Tests">
        <test-method signature="verifyAccountDataTypeError()[pri:0, instance:Java_tests.Stage1Tests@4ac3c60d]" started-at="2023-09-05T10:47:04 IST" name="verifyAccountDataTypeError" description="Account data type error" finished-at="2023-09-05T10:47:04 IST" duration-ms="15" status="PASS">
          <reporter-output>
          </reporter-output>
        </test-method> <!-- verifyAccountDataTypeError -->
        <test-method signature="verifyDOBDataTypeError()[pri:0, instance:Java_tests.Stage1Tests@4ac3c60d]" started-at="2023-09-05T10:47:04 IST" name="verifyDOBDataTypeError" description="DOB data type error" finished-at="2023-09-05T10:47:04 IST" duration-ms="3" status="PASS">
          <reporter-output>
          </reporter-output>
        </test-method> <!-- verifyDOBDataTypeError -->
        <test-method signature="verifyMissingRecords()[pri:0, instance:Java_tests.Stage1Tests@4ac3c60d]" started-at="2023-09-05T10:47:04 IST" name="verifyMissingRecords" description="For missing data value" finished-at="2023-09-05T10:47:04 IST" duration-ms="5" status="PASS">
          <reporter-output>
          </reporter-output>
        </test-method> <!-- verifyMissingRecords -->
        <test-method signature="verifyNoDuplicateData()[pri:0, instance:Java_tests.Stage1Tests@4ac3c60d]" started-at="2023-09-05T10:47:04 IST" name="verifyNoDuplicateData" description="duplicate data" finished-at="2023-09-05T10:47:04 IST" duration-ms="4" status="PASS">
          <reporter-output>
          </reporter-output>
        </test-method> <!-- verifyNoDuplicateData -->
        <test-method signature="verifyNoDuplicateHeaderFields()[pri:0, instance:Java_tests.Stage1Tests@4ac3c60d]" started-at="2023-09-05T10:47:04 IST" name="verifyNoDuplicateHeaderFields" description="duplicate header field" finished-at="2023-09-05T10:47:04 IST" duration-ms="2" status="PASS">
          <reporter-output>
          </reporter-output>
        </test-method> <!-- verifyNoDuplicateHeaderFields -->
        <test-method signature="verifyNoNullFields()[pri:0, instance:Java_tests.Stage1Tests@4ac3c60d]" started-at="2023-09-05T10:47:04 IST" name="verifyNoNullFields" description="missing header field" finished-at="2023-09-05T10:47:04 IST" duration-ms="1" status="PASS">
          <reporter-output>
          </reporter-output>
        </test-method> <!-- verifyNoNullFields -->
        <test-method signature="verifyPanNoDataTypeError()[pri:0, instance:Java_tests.Stage1Tests@4ac3c60d]" started-at="2023-09-05T10:47:04 IST" name="verifyPanNoDataTypeError" description="PanNo data type error" finished-at="2023-09-05T10:47:04 IST" duration-ms="2" status="PASS">
          <reporter-output>
          </reporter-output>
        </test-method> <!-- verifyPanNoDataTypeError -->
        <test-method signature="verifyUniqueCSVFileInFolder()[pri:0, instance:Java_tests.Stage1Tests@4ac3c60d]" started-at="2023-09-05T10:47:04 IST" name="verifyUniqueCSVFileInFolder" description="test for file count mismatch" finished-at="2023-09-05T10:47:04 IST" duration-ms="3" status="PASS">
          <reporter-output>
          </reporter-output>
        </test-method> <!-- verifyUniqueCSVFileInFolder -->
      </class> <!-- Java_tests.Stage1Tests -->
    </test> <!-- Default test -->
  </suite> <!-- Default suite -->
</testng-results>
